#
# A fatal error has been detected by the Java Runtime Environment:
#
#  EXCEPTION_ACCESS_VIOLATION (0xc0000005) at pc=0x15c5d5d0, pid=6308, tid=0x00000894
#
# JRE version: Java(TM) SE Runtime Environment (8.0_131-b11) (build 1.8.0_131-b11)
# Java VM: Java HotSpot(TM) Client VM (25.131-b11 mixed mode, sharing windows-x86 )
# Problematic frame:
# C  0x15c5d5d0
#
# Failed to write core dump. Minidumps are not enabled by default on client versions of Windows
#
# If you would like to submit a bug report, please visit:
#   http://bugreport.java.com/bugreport/crash.jsp
# The crash happened outside the Java Virtual Machine in native code.
# See problematic frame for where to report the bug.
#

---------------  T H R E A D  ---------------

Current thread (0x158d9400):  JavaThread "JNativeHook Dispatch Thread" daemon [_thread_in_native, id=2196, stack(0x15120000,0x15170000)]

siginfo: ExceptionCode=0xc0000005, ExceptionInformation=0x00000008 0x15c5d5d0

Registers:
EAX=0x00b6b1c8, EBX=0x148d4f90, ECX=0x00b20820, EDX=0x1516f3f0
ESP=0x1516f3d4, EBP=0x1516f408, ESI=0x148d4f90, EDI=0x158d9400
EIP=0x15c5d5d0, EFLAGS=0x00010206

Top of Stack: (sp=0x1516f3d4)
0x1516f3d4:   61e48637 00000000 00b6abd0 1516f3f0
0x1516f3e4:   61de37c8 00b20820 00b6abd0 00b6abd0
0x1516f3f4:   148d4f90 158d9400 1516f448 0000001e
0x1516f404:   0000001f 1516f448 024ad3d3 158d9540
0x1516f414:   1516f464 00b20820 00a1bc00 1516f458
0x1516f424:   024ad1c6 1516f428 148d4f90 1516f464
0x1516f434:   148d8be0 00000000 148d4f90 00000000
0x1516f444:   1516f458 1516f488 024a4854 00000000 

Instructions: (pc=0x15c5d5d0)
0x15c5d5b0:   79 00 5f 00 67 00 61 00 6d 00 65 00 5f 00 6c 00
0x15c5d5c0:   69 00 73 00 74 00 00 00 fe 34 8f 20 00 dc 03 80
0x15c5d5d0:   4c 00 6f 00 63 00 61 00 6c 00 5c 00 62 00 77 00
0x15c5d5e0:   61 00 70 00 69 00 5f 00 73 00 68 00 61 00 72 00 


Register to memory mapping:

EAX=0x00b6b1c8 is an unknown value
EBX={method} {0x148d4f94} 'sendText_native' '(JLjava/lang/String;)V' in 'bwapi/Game'
ECX=0x00b20820 is an unknown value
EDX=0x1516f3f0 is pointing into the stack for thread: 0x158d9400
ESP=0x1516f3d4 is pointing into the stack for thread: 0x158d9400
EBP=0x1516f408 is pointing into the stack for thread: 0x158d9400
ESI={method} {0x148d4f94} 'sendText_native' '(JLjava/lang/String;)V' in 'bwapi/Game'
EDI=0x158d9400 is a thread


Stack: [0x15120000,0x15170000],  sp=0x1516f3d4,  free space=316k
Native frames: (J=compiled Java code, j=interpreted, Vv=VM code, C=native code)
C  0x15c5d5d0
j  bwapi.Game.sendText_native(JLjava/lang/String;)V+0
j  bwapi.Game.sendText(Ljava/lang/String;)V+6
j  atlantis.AGame.sendMessage(Ljava/lang/String;)V+10
j  atlantis.keyboard.AKeyboard.changePaintingMode(I)V+54
j  atlantis.keyboard.AKeyboard.nativeKeyPressed(Lorg/jnativehook/keyboard/NativeKeyEvent;)V+246
j  org.jnativehook.GlobalScreen$EventDispatchTask.processKeyEvent(Lorg/jnativehook/keyboard/NativeKeyEvent;)V+56
J 540 C1 org.jnativehook.GlobalScreen$EventDispatchTask.run()V (150 bytes) @ 0x025f1818 [0x025f1620+0x1f8]
j  java.util.concurrent.ThreadPoolExecutor.runWorker(Ljava/util/concurrent/ThreadPoolExecutor$Worker;)V+95
j  java.util.concurrent.ThreadPoolExecutor$Worker.run()V+5
j  java.lang.Thread.run()V+11
v  ~StubRoutines::call_stub
V  [jvm.dll+0x15af45]
V  [jvm.dll+0x2213ae]
V  [jvm.dll+0x15afde]
V  [jvm.dll+0x15b166]
V  [jvm.dll+0x15b1d7]
V  [jvm.dll+0xff36f]
V  [jvm.dll+0x17dc30]
V  [jvm.dll+0x17e4aa]
V  [jvm.dll+0x1c2ec6]
C  [msvcr100.dll+0x5c556]
C  [msvcr100.dll+0x5c600]
C  [KERNEL32.DLL+0x162c4]
C  [ntdll.dll+0x60fd9]
C  [ntdll.dll+0x60fa4]
C  0x00000000

Java frames: (J=compiled Java code, j=interpreted, Vv=VM code)
j  bwapi.Game.sendText_native(JLjava/lang/String;)V+0
j  bwapi.Game.sendText(Ljava/lang/String;)V+6
j  atlantis.AGame.sendMessage(Ljava/lang/String;)V+10
j  atlantis.keyboard.AKeyboard.changePaintingMode(I)V+54
j  atlantis.keyboard.AKeyboard.nativeKeyPressed(Lorg/jnativehook/keyboard/NativeKeyEvent;)V+246
j  org.jnativehook.GlobalScreen$EventDispatchTask.processKeyEvent(Lorg/jnativehook/keyboard/NativeKeyEvent;)V+56
J 540 C1 org.jnativehook.GlobalScreen$EventDispatchTask.run()V (150 bytes) @ 0x025f1818 [0x025f1620+0x1f8]
j  java.util.concurrent.ThreadPoolExecutor.runWorker(Ljava/util/concurrent/ThreadPoolExecutor$Worker;)V+95
j  java.util.concurrent.ThreadPoolExecutor$Worker.run()V+5
j  java.lang.Thread.run()V+11
v  ~StubRoutines::call_stub

---------------  P R O C E S S  ---------------

Java Threads: ( => current thread )
=>0x158d9400 JavaThread "JNativeHook Dispatch Thread" daemon [_thread_in_native, id=2196, stack(0x15120000,0x15170000)]
  0x158d7800 JavaThread "JNativeHook Hook Thread" [_thread_in_native, id=6616, stack(0x15090000,0x150e0000)]
  0x0244d800 JavaThread "Service Thread" daemon [_thread_blocked, id=2688, stack(0x14f30000,0x14f80000)]
  0x0242f000 JavaThread "C1 CompilerThread0" daemon [_thread_blocked, id=7136, stack(0x14ea0000,0x14ef0000)]
  0x0242e000 JavaThread "Attach Listener" daemon [_thread_blocked, id=652, stack(0x14e10000,0x14e60000)]
  0x0242c000 JavaThread "Signal Dispatcher" daemon [_thread_blocked, id=7528, stack(0x14d80000,0x14dd0000)]
  0x02423800 JavaThread "Finalizer" daemon [_thread_blocked, id=7112, stack(0x14be0000,0x14c30000)]
  0x023c6c00 JavaThread "Reference Handler" daemon [_thread_blocked, id=2928, stack(0x14b50000,0x14ba0000)]
  0x00a1bc00 JavaThread "main" [_thread_in_native, id=700, stack(0x00bf0000,0x00c40000)]

Other Threads:
  0x023c3000 VMThread [stack: 0x14ac0000,0x14b10000] [id=5524]
  0x02463c00 WatcherThread [stack: 0x14fc0000,0x15010000] [id=6496]

VM state:not at safepoint (normal execution)

VM Mutex/Monitor currently owned by a thread: None

Heap:
 def new generation   total 4928K, used 2950K [0x04600000, 0x04b50000, 0x09b50000)
  eden space 4416K,  66% used [0x04600000, 0x048e1508, 0x04a50000)
  from space 512K,   0% used [0x04ad0000, 0x04ad0338, 0x04b50000)
  to   space 512K,   0% used [0x04a50000, 0x04a50000, 0x04ad0000)
 tenured generation   total 10944K, used 1049K [0x09b50000, 0x0a600000, 0x14600000)
   the space 10944K,   9% used [0x09b50000, 0x09c56580, 0x09c56600, 0x0a600000)
 Metaspace       used 1209K, capacity 3118K, committed 3136K, reserved 4480K

Card table byte_map: [0x04520000,0x045b0000] byte_map_base: 0x044fd000

Polling page: 0x00c40000

CodeCache: size=32768Kb used=1355Kb max_used=1355Kb free=31412Kb
 bounds [0x024a0000, 0x025f8000, 0x044a0000]
 total_blobs=713 nmethods=547 adapters=97
 compilation: enabled

Compilation events (10 events):
Event: 47.411 Thread 0x0242f000  542             java.util.concurrent.locks.AbstractQueuedSynchronizer$Node::<init> (15 bytes)
Event: 47.411 Thread 0x0242f000 nmethod 542 0x025f1f48 code [0x025f2040, 0x025f20e0]
Event: 48.403 Thread 0x0242f000  544             java.util.concurrent.locks.AbstractQueuedSynchronizer$ConditionObject::addConditionWaiter (64 bytes)
Event: 48.404 Thread 0x0242f000 nmethod 544 0x025f2148 code [0x025f2250, 0x025f23dc]
Event: 48.411 Thread 0x0242f000  545             java.util.concurrent.locks.AbstractQueuedSynchronizer$ConditionObject::doSignal (43 bytes)
Event: 48.412 Thread 0x0242f000 nmethod 545 0x025f24c8 code [0x025f25d0, 0x025f26dc]
Event: 48.443 Thread 0x0242f000  546             org.jnativehook.GlobalScreen$EventDispatchTask::processMouseEvent (80 bytes)
Event: 48.445 Thread 0x0242f000 nmethod 546 0x025f27c8 code [0x025f2900, 0x025f2a94]
Event: 120.457 Thread 0x0242f000  547             org.jnativehook.NativeInputEvent::<init> (26 bytes)
Event: 120.457 Thread 0x0242f000 nmethod 547 0x025f2c08 code [0x025f2d10, 0x025f2e3c]

GC Heap History (10 events):
Event: 23.879 GC heap before
{Heap before GC invocations=48 (full 0):
 def new generation   total 4928K, used 4416K [0x04600000, 0x04b50000, 0x09b50000)
  eden space 4416K, 100% used [0x04600000, 0x04a50000, 0x04a50000)
  from space 512K,   0% used [0x04a50000, 0x04a502c0, 0x04ad0000)
  to   space 512K,   0% used [0x04ad0000, 0x04ad0000, 0x04b50000)
 tenured generation   total 10944K, used 1049K [0x09b50000, 0x0a600000, 0x14600000)
   the space 10944K,   9% used [0x09b50000, 0x09c56580, 0x09c56600, 0x0a600000)
 Metaspace       used 1196K, capacity 3118K, committed 3136K, reserved 4480K
Event: 23.880 GC heap after
Heap after GC invocations=49 (full 0):
 def new generation   total 4928K, used 0K [0x04600000, 0x04b50000, 0x09b50000)
  eden space 4416K,   0% used [0x04600000, 0x04600000, 0x04a50000)
  from space 512K,   0% used [0x04ad0000, 0x04ad0270, 0x04b50000)
  to   space 512K,   0% used [0x04a50000, 0x04a50000, 0x04ad0000)
 tenured generation   total 10944K, used 1049K [0x09b50000, 0x0a600000, 0x14600000)
   the space 10944K,   9% used [0x09b50000, 0x09c56580, 0x09c56600, 0x0a600000)
 Metaspace       used 1196K, capacity 3118K, committed 3136K, reserved 4480K
}
Event: 24.180 GC heap before
{Heap before GC invocations=49 (full 0):
 def new generation   total 4928K, used 4416K [0x04600000, 0x04b50000, 0x09b50000)
  eden space 4416K, 100% used [0x04600000, 0x04a50000, 0x04a50000)
  from space 512K,   0% used [0x04ad0000, 0x04ad0270, 0x04b50000)
  to   space 512K,   0% used [0x04a50000, 0x04a50000, 0x04ad0000)
 tenured generation   total 10944K, used 1049K [0x09b50000, 0x0a600000, 0x14600000)
   the space 10944K,   9% used [0x09b50000, 0x09c56580, 0x09c56600, 0x0a600000)
 Metaspace       used 1196K, capacity 3118K, committed 3136K, reserved 4480K
Event: 24.181 GC heap after
Heap after GC invocations=50 (full 0):
 def new generation   total 4928K, used 0K [0x04600000, 0x04b50000, 0x09b50000)
  eden space 4416K,   0% used [0x04600000, 0x04600000, 0x04a50000)
  from space 512K,   0% used [0x04a50000, 0x04a502a8, 0x04ad0000)
  to   space 512K,   0% used [0x04ad0000, 0x04ad0000, 0x04b50000)
 tenured generation   total 10944K, used 1049K [0x09b50000, 0x0a600000, 0x14600000)
   the space 10944K,   9% used [0x09b50000, 0x09c56580, 0x09c56600, 0x0a600000)
 Metaspace       used 1196K, capacity 3118K, committed 3136K, reserved 4480K
}
Event: 24.451 GC heap before
{Heap before GC invocations=50 (full 0):
 def new generation   total 4928K, used 4416K [0x04600000, 0x04b50000, 0x09b50000)
  eden space 4416K, 100% used [0x04600000, 0x04a50000, 0x04a50000)
  from space 512K,   0% used [0x04a50000, 0x04a502a8, 0x04ad0000)
  to   space 512K,   0% used [0x04ad0000, 0x04ad0000, 0x04b50000)
 tenured generation   total 10944K, used 1049K [0x09b50000, 0x0a600000, 0x14600000)
   the space 10944K,   9% used [0x09b50000, 0x09c56580, 0x09c56600, 0x0a600000)
 Metaspace       used 1196K, capacity 3118K, committed 3136K, reserved 4480K
Event: 24.452 GC heap after
Heap after GC invocations=51 (full 0):
 def new generation   total 4928K, used 0K [0x04600000, 0x04b50000, 0x09b50000)
  eden space 4416K,   0% used [0x04600000, 0x04600000, 0x04a50000)
  from space 512K,   0% used [0x04ad0000, 0x04ad0310, 0x04b50000)
  to   space 512K,   0% used [0x04a50000, 0x04a50000, 0x04ad0000)
 tenured generation   total 10944K, used 1049K [0x09b50000, 0x0a600000, 0x14600000)
   the space 10944K,   9% used [0x09b50000, 0x09c56580, 0x09c56600, 0x0a600000)
 Metaspace       used 1196K, capacity 3118K, committed 3136K, reserved 4480K
}
Event: 24.737 GC heap before
{Heap before GC invocations=51 (full 0):
 def new generation   total 4928K, used 4416K [0x04600000, 0x04b50000, 0x09b50000)
  eden space 4416K, 100% used [0x04600000, 0x04a50000, 0x04a50000)
  from space 512K,   0% used [0x04ad0000, 0x04ad0310, 0x04b50000)
  to   space 512K,   0% used [0x04a50000, 0x04a50000, 0x04ad0000)
 tenured generation   total 10944K, used 1049K [0x09b50000, 0x0a600000, 0x14600000)
   the space 10944K,   9% used [0x09b50000, 0x09c56580, 0x09c56600, 0x0a600000)
 Metaspace       used 1196K, capacity 3118K, committed 3136K, reserved 4480K
Event: 24.738 GC heap after
Heap after GC invocations=52 (full 0):
 def new generation   total 4928K, used 0K [0x04600000, 0x04b50000, 0x09b50000)
  eden space 4416K,   0% used [0x04600000, 0x04600000, 0x04a50000)
  from space 512K,   0% used [0x04a50000, 0x04a50290, 0x04ad0000)
  to   space 512K,   0% used [0x04ad0000, 0x04ad0000, 0x04b50000)
 tenured generation   total 10944K, used 1049K [0x09b50000, 0x0a600000, 0x14600000)
   the space 10944K,   9% used [0x09b50000, 0x09c56580, 0x09c56600, 0x0a600000)
 Metaspace       used 1196K, capacity 3118K, committed 3136K, reserved 4480K
}
Event: 25.035 GC heap before
{Heap before GC invocations=52 (full 0):
 def new generation   total 4928K, used 4416K [0x04600000, 0x04b50000, 0x09b50000)
  eden space 4416K, 100% used [0x04600000, 0x04a50000, 0x04a50000)
  from space 512K,   0% used [0x04a50000, 0x04a50290, 0x04ad0000)
  to   space 512K,   0% used [0x04ad0000, 0x04ad0000, 0x04b50000)
 tenured generation   total 10944K, used 1049K [0x09b50000, 0x0a600000, 0x14600000)
   the space 10944K,   9% used [0x09b50000, 0x09c56580, 0x09c56600, 0x0a600000)
 Metaspace       used 1196K, capacity 3118K, committed 3136K, reserved 4480K
Event: 25.036 GC heap after
Heap after GC invocations=53 (full 0):
 def new generation   total 4928K, used 0K [0x04600000, 0x04b50000, 0x09b50000)
  eden space 4416K,   0% used [0x04600000, 0x04600000, 0x04a50000)
  from space 512K,   0% used [0x04ad0000, 0x04ad0338, 0x04b50000)
  to   space 512K,   0% used [0x04a50000, 0x04a50000, 0x04ad0000)
 tenured generation   total 10944K, used 1049K [0x09b50000, 0x0a600000, 0x14600000)
   the space 10944K,   9% used [0x09b50000, 0x09c56580, 0x09c56600, 0x0a600000)
 Metaspace       used 1196K, capacity 3118K, committed 3136K, reserved 4480K
}

Deoptimization events (0 events):
No events

Internal exceptions (10 events):
Event: 13.129 Thread 0x00a1bc00 Exception <a 'java/lang/NullPointerException'> (0x048000b0) thrown at [C:\re\workspace\8-2-build-windows-i586-cygwin\jdk8u131\8869\hotspot\src\share\vm\interpreter\linkResolver.cpp, line 1197]
Event: 13.151 Thread 0x00a1bc00 Exception <a 'java/lang/NullPointerException'> (0x04859600) thrown at [C:\re\workspace\8-2-build-windows-i586-cygwin\jdk8u131\8869\hotspot\src\share\vm\interpreter\linkResolver.cpp, line 1197]
Event: 13.172 Thread 0x00a1bc00 Exception <a 'java/lang/NullPointerException'> (0x048b2970) thrown at [C:\re\workspace\8-2-build-windows-i586-cygwin\jdk8u131\8869\hotspot\src\share\vm\interpreter\linkResolver.cpp, line 1197]
Event: 13.195 Thread 0x00a1bc00 Exception <a 'java/lang/NullPointerException'> (0x0490c0a0) thrown at [C:\re\workspace\8-2-build-windows-i586-cygwin\jdk8u131\8869\hotspot\src\share\vm\interpreter\linkResolver.cpp, line 1197]
Event: 13.215 Thread 0x00a1bc00 Exception <a 'java/lang/NullPointerException'> (0x04967228) thrown at [C:\re\workspace\8-2-build-windows-i586-cygwin\jdk8u131\8869\hotspot\src\share\vm\interpreter\linkResolver.cpp, line 1197]
Event: 13.238 Thread 0x00a1bc00 Exception <a 'java/lang/NullPointerException'> (0x049c0940) thrown at [C:\re\workspace\8-2-build-windows-i586-cygwin\jdk8u131\8869\hotspot\src\share\vm\interpreter\linkResolver.cpp, line 1197]
Event: 13.739 Thread 0x00a1bc00 Exception <a 'java/lang/NullPointerException'> (0x048c41e8) thrown at [C:\re\workspace\8-2-build-windows-i586-cygwin\jdk8u131\8869\hotspot\src\share\vm\interpreter\linkResolver.cpp, line 1197]
Event: 13.751 Thread 0x00a1bc00 Exception <a 'java/lang/NullPointerException'> (0x04910da8) thrown at [C:\re\workspace\8-2-build-windows-i586-cygwin\jdk8u131\8869\hotspot\src\share\vm\interpreter\linkResolver.cpp, line 1197]
Event: 13.768 Thread 0x00a1bc00 Exception <a 'java/lang/NullPointerException'> (0x0495dcf8) thrown at [C:\re\workspace\8-2-build-windows-i586-cygwin\jdk8u131\8869\hotspot\src\share\vm\interpreter\linkResolver.cpp, line 1197]
Event: 13.784 Thread 0x00a1bc00 Exception <a 'java/lang/NullPointerException'> (0x049aa8f0) thrown at [C:\re\workspace\8-2-build-windows-i586-cygwin\jdk8u131\8869\hotspot\src\share\vm\interpreter\linkResolver.cpp, line 1197]

Events (10 events):
Event: 24.451 Executing VM operation: GenCollectForAllocation
Event: 24.452 Executing VM operation: GenCollectForAllocation done
Event: 24.737 Executing VM operation: GenCollectForAllocation
Event: 24.738 Executing VM operation: GenCollectForAllocation done
Event: 25.035 Executing VM operation: GenCollectForAllocation
Event: 25.036 Executing VM operation: GenCollectForAllocation done
Event: 26.115 loading class java/io/PrintWriter
Event: 26.116 loading class java/io/PrintWriter done
Event: 30.555 loading class org/jnativehook/mouse/NativeMouseWheelListener
Event: 30.555 loading class org/jnativehook/mouse/NativeMouseWheelListener done


Dynamic libraries:
0x00130000 - 0x00163000 	C:\Program Files (x86)\Java\jdk1.8.0_131\bin\java.exe
0x77490000 - 0x77613000 	C:\windows\SYSTEM32\ntdll.dll
0x75c50000 - 0x75d30000 	C:\windows\System32\KERNEL32.DLL
0x772e0000 - 0x77481000 	C:\windows\System32\KERNELBASE.dll
0x72b60000 - 0x72bf2000 	C:\windows\system32\apphelp.dll
0x77260000 - 0x772d7000 	C:\windows\System32\ADVAPI32.dll
0x76de0000 - 0x76e9e000 	C:\windows\System32\msvcrt.dll
0x764c0000 - 0x76501000 	C:\windows\System32\sechost.dll
0x76590000 - 0x76651000 	C:\windows\System32\RPCRT4.dll
0x73f50000 - 0x73f6e000 	C:\windows\System32\SspiCli.dll
0x73f40000 - 0x73f4a000 	C:\windows\System32\CRYPTBASE.dll
0x762b0000 - 0x7630a000 	C:\windows\System32\bcryptPrimitives.dll
0x76910000 - 0x76a6f000 	C:\windows\System32\USER32.dll
0x76c00000 - 0x76c15000 	C:\windows\System32\win32u.dll
0x76490000 - 0x764bb000 	C:\windows\System32\GDI32.dll
0x76750000 - 0x768aa000 	C:\windows\System32\gdi32full.dll
0x72080000 - 0x7228a000 	C:\windows\WinSxS\x86_microsoft.windows.common-controls_6595b64144ccf1df_6.0.14393.953_none_89c2555adb023171\COMCTL32.dll
0x77000000 - 0x77211000 	C:\windows\System32\combase.dll
0x73ff0000 - 0x740d0000 	C:\windows\System32\ucrtbase.dll
0x76560000 - 0x76585000 	C:\windows\System32\IMM32.DLL
0x624b0000 - 0x6256f000 	C:\Program Files (x86)\Java\jdk1.8.0_131\jre\bin\msvcr100.dll
0x620e0000 - 0x624ae000 	C:\Program Files (x86)\Java\jdk1.8.0_131\jre\bin\client\jvm.dll
0x76dd0000 - 0x76dd6000 	C:\windows\System32\PSAPI.DLL
0x719b0000 - 0x719b8000 	C:\windows\SYSTEM32\WSOCK32.dll
0x70fe0000 - 0x71004000 	C:\windows\SYSTEM32\WINMM.dll
0x73970000 - 0x73978000 	C:\windows\SYSTEM32\VERSION.dll
0x76d60000 - 0x76dc3000 	C:\windows\System32\WS2_32.dll
0x00a60000 - 0x00a83000 	C:\windows\SYSTEM32\WINMMBASE.dll
0x77220000 - 0x77256000 	C:\windows\System32\cfgmgr32.dll
0x620d0000 - 0x620dc000 	C:\Program Files (x86)\Java\jdk1.8.0_131\jre\bin\verify.dll
0x620a0000 - 0x620c1000 	C:\Program Files (x86)\Java\jdk1.8.0_131\jre\bin\java.dll
0x62080000 - 0x62093000 	C:\Program Files (x86)\Java\jdk1.8.0_131\jre\bin\zip.dll
0x741c0000 - 0x75598000 	C:\windows\System32\SHELL32.dll
0x75d30000 - 0x7629e000 	C:\windows\System32\windows.storage.dll
0x76ba0000 - 0x76be5000 	C:\windows\System32\powrprof.dll
0x75be0000 - 0x75c26000 	C:\windows\System32\shlwapi.dll
0x75bd0000 - 0x75bdd000 	C:\windows\System32\kernel.appcore.dll
0x76b10000 - 0x76b98000 	C:\windows\System32\shcore.dll
0x76bf0000 - 0x76bff000 	C:\windows\System32\profapi.dll
0x62060000 - 0x62076000 	C:\Program Files (x86)\Java\jdk1.8.0_131\jre\bin\net.dll
0x73560000 - 0x735ae000 	C:\windows\system32\mswsock.dll
0x62050000 - 0x6205f000 	C:\Program Files (x86)\Java\jdk1.8.0_131\jre\bin\nio.dll
0x61dc0000 - 0x62046000 	C:\Users\Matias\Documents\GitHub\IABot\bwapi_bridge2_5.dll
0x6acc0000 - 0x6ad27000 	C:\windows\libgmp-10.dll
0x6f540000 - 0x6f59e000 	C:\windows\libmpfr-4.dll
0x717d0000 - 0x71841000 	C:\windows\SYSTEM32\MSVCP120.dll
0x71850000 - 0x7193e000 	C:\windows\SYSTEM32\MSVCR120.dll
0x68440000 - 0x68453000 	C:\Users\Matias\AppData\Local\Temp\JNativeHook-2.1.0.x86.dll
0x72fc0000 - 0x73035000 	C:\windows\system32\uxtheme.dll
0x73c90000 - 0x73dd5000 	C:\windows\SYSTEM32\dbghelp.dll

VM Arguments:
jvm_args: -Dfile.encoding=UTF-8 
java_command: main.Main
java_class_path (initial): C:\Users\Matias\Documents\GitHub\IABot\lib\bwmirror_v2_5.zip;C:\Libraries\jnativehook\jar\jnativehook-2.1.0.jar;C:\Users\Matias\Documents\GitHub\IABot\build\classes
Launcher Type: SUN_STANDARD

Environment Variables:
PATH=C:\ProgramData\Oracle\Java\javapath;C:\Windows\system32;C:\Windows;C:\Windows\System32\Wbem;C:\Windows\System32\WindowsPowerShell\v1.0\;C:\Program Files (x86)\NVIDIA Corporation\PhysX\Common;C:\Program Files (x86)\Windows Kits\8.1\Windows Performance Toolkit\;C:\Program Files\Microsoft SQL Server\110\Tools\Binn\;C:\Program Files (x86)\Microsoft SDKs\TypeScript\1.0\;C:\Program Files\Microsoft SQL Server\120\Tools\Binn\;C:\Users\Matias\AppData\Local\Microsoft\WindowsApps;
USERNAME=Matias
OS=Windows_NT
PROCESSOR_IDENTIFIER=Intel64 Family 6 Model 58 Stepping 9, GenuineIntel



---------------  S Y S T E M  ---------------

OS: Windows 10.0 , 64 bit Build 14393 (10.0.14393.1198)

CPU:total 4 (initial active 4) (2 cores per cpu, 2 threads per core) family 6 model 58 stepping 9, cmov, cx8, fxsr, mmx, sse, sse2, sse3, ssse3, sse4.1, sse4.2, popcnt, avx, aes, clmul, erms, ht, tsc, tscinvbit, tscinv

Memory: 4k page, physical 12434964k(7972676k free), swap 14335508k(9228060k free)

vm_info: Java HotSpot(TM) Client VM (25.131-b11) for windows-x86 JRE (1.8.0_131-b11), built on Mar 15 2017 01:26:29 by "java_re" with MS VC++ 10.0 (VS2010)

time: Mon Jun 26 20:00:09 2017
elapsed time: 129 seconds (0d 0h 2m 9s)

