#
# A fatal error has been detected by the Java Runtime Environment:
#
#  EXCEPTION_ACCESS_VIOLATION (0xc0000005) at pc=0x61b05150, pid=4016, tid=0x00000490
#
# JRE version: Java(TM) SE Runtime Environment (8.0_131-b11) (build 1.8.0_131-b11)
# Java VM: Java HotSpot(TM) Client VM (25.131-b11 mixed mode, sharing windows-x86 )
# Problematic frame:
# C  [bwapi_bridge2_5.dll+0x35150]
#
# Failed to write core dump. Minidumps are not enabled by default on client versions of Windows
#
# If you would like to submit a bug report, please visit:
#   http://bugreport.java.com/bugreport/crash.jsp
# The crash happened outside the Java Virtual Machine in native code.
# See problematic frame for where to report the bug.
#

---------------  T H R E A D  ---------------

Current thread (0x0173bc00):  JavaThread "main" [_thread_in_native, id=1168, stack(0x016c0000,0x01710000)]

siginfo: ExceptionCode=0xc0000005, reading address 0x18fbb020

Registers:
EAX=0x0173bc00, EBX=0x0173bc00, ECX=0x18fbb020, EDX=0x0170dda0
ESP=0x0170dd8c, EBP=0x0170dda8, ESI=0x0a899900, EDI=0x0173bc00
EIP=0x61b05150, EFLAGS=0x00010202

Top of Stack: (sp=0x0170dd8c)
0x0170dd8c:   0a899900 0173bc00 00000007 0000000a
0x0170dd9c:   0173bd40 05352580 0173bc00 0170ddd8
0x0170ddac:   0307fce1 0173bd40 0170ddc0 18fbb020
0x0170ddbc:   0173bc00 0a899900 0a852770 0a852770
0x0170ddcc:   00000000 05352340 00000001 0170dee8
0x0170dddc:   03080948 18fbb020 0173bc00 0170dee8
0x0170ddec:   030860ec 0133cac0 00000000 61cd9a20
0x0170ddfc:   00000000 0a827390 0173bc00 0170de24 

Instructions: (pc=0x61b05150)
0x61b05130:   55 8b ec 83 e4 f8 83 ec 14 8b 4d 10 8d 54 24 0c
0x61b05140:   8b 45 08 53 89 44 24 0c 8b 45 14 56 89 44 24 18
0x61b05150:   8b 01 57 52 ff 50 14 8b 35 4c dc ce 61 8b ce 8b
0x61b05160:   10 8b 46 04 80 78 0d 00 75 27 8d 9b 00 00 00 00 


Register to memory mapping:

EAX=0x0173bc00 is a thread
EBX=0x0173bc00 is a thread
ECX=0x18fbb020 is an unknown value
EDX=0x0170dda0 is pointing into the stack for thread: 0x0173bc00
ESP=0x0170dd8c is pointing into the stack for thread: 0x0173bc00
EBP=0x0170dda8 is pointing into the stack for thread: 0x0173bc00
ESI=0x0a899900 is an oop
bwapi.Unit 
 - klass: 'bwapi/Unit'
EDI=0x0173bc00 is a thread


Stack: [0x016c0000,0x01710000],  sp=0x0170dd8c,  free space=311k
Native frames: (J=compiled Java code, j=interpreted, Vv=VM code, C=native code)
C  [bwapi_bridge2_5.dll+0x35150]
J 168  bwapi.Unit.getType_native(J)Lbwapi/UnitType; (0 bytes) @ 0x0307fce1 [0x0307fc50+0x91]
J 170 C1 atlantis.units.AUnit.getType()Latlantis/units/AUnitType; (70 bytes) @ 0x03080948 [0x03080910+0x38]
J 186 C1 atlantis.units.Select.ourIncludingUnfinished()Latlantis/units/Select; (69 bytes) @ 0x03087e14 [0x03087d50+0xc4]
j  atlantis.production.orders.ABuildOrderManager.countUnitsOfGivenTypeOrSimilar(Latlantis/units/AUnitType;)I+141
j  atlantis.production.orders.ABuildOrderManager.rebuildQueue()V+125
j  atlantis.production.orders.ABuildOrderManager.switchToBuildOrder(Latlantis/production/orders/ABuildOrder;)V+22
j  atlantis.Atlantis.onStart()V+124
j  bwapi.AIModule.onStart()V+11
v  ~StubRoutines::call_stub
V  [jvm.dll+0x15af45]
V  [jvm.dll+0x2213ae]
V  [jvm.dll+0x15afde]
V  [jvm.dll+0xdcdcb]
V  [jvm.dll+0xdfd5c]
C  [bwapi_bridge2_5.dll+0x1b20d]
C  [bwapi_bridge2_5.dll+0x750d3]
j  bwapi.Mirror.startGame()V+0
j  atlantis.Atlantis.run()V+30
j  main.Main.main([Ljava/lang/String;)V+24
v  ~StubRoutines::call_stub
V  [jvm.dll+0x15af45]
V  [jvm.dll+0x2213ae]
V  [jvm.dll+0x15afde]
V  [jvm.dll+0xdcb97]
V  [jvm.dll+0xe512f]
C  [java.exe+0x229e]
C  [java.exe+0xae9f]
C  [java.exe+0xaf29]
C  [KERNEL32.DLL+0x162c4]
C  [ntdll.dll+0x60fd9]
C  [ntdll.dll+0x60fa4]
C  0x00000000

Java frames: (J=compiled Java code, j=interpreted, Vv=VM code)
J 168  bwapi.Unit.getType_native(J)Lbwapi/UnitType; (0 bytes) @ 0x0307fc9d [0x0307fc50+0x4d]
J 170 C1 atlantis.units.AUnit.getType()Latlantis/units/AUnitType; (70 bytes) @ 0x03080948 [0x03080910+0x38]
J 186 C1 atlantis.units.Select.ourIncludingUnfinished()Latlantis/units/Select; (69 bytes) @ 0x03087e14 [0x03087d50+0xc4]
j  atlantis.production.orders.ABuildOrderManager.countUnitsOfGivenTypeOrSimilar(Latlantis/units/AUnitType;)I+141
j  atlantis.production.orders.ABuildOrderManager.rebuildQueue()V+125
j  atlantis.production.orders.ABuildOrderManager.switchToBuildOrder(Latlantis/production/orders/ABuildOrder;)V+22
j  atlantis.Atlantis.onStart()V+124
j  bwapi.AIModule.onStart()V+11
v  ~StubRoutines::call_stub
j  bwapi.Mirror.startGame()V+0
j  atlantis.Atlantis.run()V+30
j  main.Main.main([Ljava/lang/String;)V+24
v  ~StubRoutines::call_stub

---------------  P R O C E S S  ---------------

Java Threads: ( => current thread )
  0x16790800 JavaThread "JNativeHook Dispatch Thread" daemon [_thread_blocked, id=656, stack(0x16ad0000,0x16b20000)]
  0x1677fc00 JavaThread "JNativeHook Hook Thread" [_thread_in_native, id=8060, stack(0x16940000,0x16990000)]
  0x02f3d800 JavaThread "Service Thread" daemon [_thread_blocked, id=5188, stack(0x165e0000,0x16630000)]
  0x02f1f000 JavaThread "C1 CompilerThread0" daemon [_thread_blocked, id=6100, stack(0x16550000,0x165a0000)]
  0x02f1e000 JavaThread "Attach Listener" daemon [_thread_blocked, id=8996, stack(0x164c0000,0x16510000)]
  0x02f1c000 JavaThread "Signal Dispatcher" daemon [_thread_blocked, id=8168, stack(0x15d90000,0x15de0000)]
  0x02f13800 JavaThread "Finalizer" daemon [_thread_blocked, id=3616, stack(0x15d00000,0x15d50000)]
  0x02eb6c00 JavaThread "Reference Handler" daemon [_thread_blocked, id=8896, stack(0x15c70000,0x15cc0000)]
=>0x0173bc00 JavaThread "main" [_thread_in_native, id=1168, stack(0x016c0000,0x01710000)]

Other Threads:
  0x02eb3000 VMThread [stack: 0x05140000,0x05190000] [id=5112]
  0x02f53c00 WatcherThread [stack: 0x16670000,0x166c0000] [id=7988]

VM state:not at safepoint (normal execution)

VM Mutex/Monitor currently owned by a thread: None

Heap:
 def new generation   total 4928K, used 1394K [0x05200000, 0x05750000, 0x0a750000)
  eden space 4416K,  31% used [0x05200000, 0x05358b10, 0x05650000)
  from space 512K,   3% used [0x05650000, 0x05654040, 0x056d0000)
  to   space 512K,   0% used [0x056d0000, 0x056d0000, 0x05750000)
 tenured generation   total 10944K, used 1660K [0x0a750000, 0x0b200000, 0x15200000)
   the space 10944K,  15% used [0x0a750000, 0x0a8ef098, 0x0a8ef200, 0x0b200000)
 Metaspace       used 1294K, capacity 3214K, committed 3264K, reserved 4480K

Card table byte_map: [0x05010000,0x050a0000] byte_map_base: 0x04fe7000

Polling page: 0x01720000

CodeCache: size=32768Kb used=1654Kb max_used=1654Kb free=31113Kb
 bounds [0x02f90000, 0x03130000, 0x04f90000]
 total_blobs=858 nmethods=683 adapters=106
 compilation: enabled

Compilation events (10 events):
Event: 180.993 Thread 0x02f1f000  679             java.util.regex.Pattern$Start::match (90 bytes)
Event: 180.994 Thread 0x02f1f000 nmethod 679 0x03125388 code [0x03125490, 0x031255ec]
Event: 180.995 Thread 0x02f1f000  680   !         atlantis.units.AUnitType::getByName (210 bytes)
Event: 181.001 Thread 0x02f1f000 nmethod 680 0x03125708 code [0x03125b20, 0x031268dc]
Event: 181.002 Thread 0x02f1f000  681   !         atlantis.util.NameUtil::getUpgradeTypeByName (140 bytes)
Event: 181.005 Thread 0x02f1f000 nmethod 681 0x03128048 code [0x031282f0, 0x03128be0]
Event: 181.005 Thread 0x02f1f000  682  s          java.lang.StringBuffer::toString (36 bytes)
Event: 181.006 Thread 0x02f1f000 nmethod 682 0x031299c8 code [0x03129ad0, 0x03129d2c]
Event: 181.008 Thread 0x02f1f000  683             java.util.regex.Matcher::appendReplacement (571 bytes)
Event: 181.018 Thread 0x02f1f000 nmethod 683 0x03129dc8 code [0x0312a1b0, 0x0312bca0]

GC Heap History (10 events):
Event: 31.202 GC heap before
{Heap before GC invocations=91 (full 0):
 def new generation   total 4928K, used 4417K [0x05200000, 0x05750000, 0x0a750000)
  eden space 4416K, 100% used [0x05200000, 0x05650000, 0x05650000)
  from space 512K,   0% used [0x056d0000, 0x056d0400, 0x05750000)
  to   space 512K,   0% used [0x05650000, 0x05650000, 0x056d0000)
 tenured generation   total 10944K, used 1363K [0x0a750000, 0x0b200000, 0x15200000)
   the space 10944K,  12% used [0x0a750000, 0x0a8a4f80, 0x0a8a5000, 0x0b200000)
 Metaspace       used 1282K, capacity 3214K, committed 3264K, reserved 4480K
Event: 31.203 GC heap after
Heap after GC invocations=92 (full 0):
 def new generation   total 4928K, used 0K [0x05200000, 0x05750000, 0x0a750000)
  eden space 4416K,   0% used [0x05200000, 0x05200000, 0x05650000)
  from space 512K,   0% used [0x05650000, 0x05650340, 0x056d0000)
  to   space 512K,   0% used [0x056d0000, 0x056d0000, 0x05750000)
 tenured generation   total 10944K, used 1363K [0x0a750000, 0x0b200000, 0x15200000)
   the space 10944K,  12% used [0x0a750000, 0x0a8a4f80, 0x0a8a5000, 0x0b200000)
 Metaspace       used 1282K, capacity 3214K, committed 3264K, reserved 4480K
}
Event: 32.480 GC heap before
{Heap before GC invocations=92 (full 0):
 def new generation   total 4928K, used 4416K [0x05200000, 0x05750000, 0x0a750000)
  eden space 4416K, 100% used [0x05200000, 0x05650000, 0x05650000)
  from space 512K,   0% used [0x05650000, 0x05650340, 0x056d0000)
  to   space 512K,   0% used [0x056d0000, 0x056d0000, 0x05750000)
 tenured generation   total 10944K, used 1363K [0x0a750000, 0x0b200000, 0x15200000)
   the space 10944K,  12% used [0x0a750000, 0x0a8a4f80, 0x0a8a5000, 0x0b200000)
 Metaspace       used 1293K, capacity 3214K, committed 3264K, reserved 4480K
Event: 32.481 GC heap after
Heap after GC invocations=93 (full 0):
 def new generation   total 4928K, used 26K [0x05200000, 0x05750000, 0x0a750000)
  eden space 4416K,   0% used [0x05200000, 0x05200000, 0x05650000)
  from space 512K,   5% used [0x056d0000, 0x056d68a0, 0x05750000)
  to   space 512K,   0% used [0x05650000, 0x05650000, 0x056d0000)
 tenured generation   total 10944K, used 1363K [0x0a750000, 0x0b200000, 0x15200000)
   the space 10944K,  12% used [0x0a750000, 0x0a8a4f80, 0x0a8a5000, 0x0b200000)
 Metaspace       used 1293K, capacity 3214K, committed 3264K, reserved 4480K
}
Event: 122.853 GC heap before
{Heap before GC invocations=93 (full 0):
 def new generation   total 4928K, used 4442K [0x05200000, 0x05750000, 0x0a750000)
  eden space 4416K, 100% used [0x05200000, 0x05650000, 0x05650000)
  from space 512K,   5% used [0x056d0000, 0x056d68a0, 0x05750000)
  to   space 512K,   0% used [0x05650000, 0x05650000, 0x056d0000)
 tenured generation   total 10944K, used 1363K [0x0a750000, 0x0b200000, 0x15200000)
   the space 10944K,  12% used [0x0a750000, 0x0a8a4f80, 0x0a8a5000, 0x0b200000)
 Metaspace       used 1294K, capacity 3214K, committed 3264K, reserved 4480K
Event: 122.855 GC heap after
Heap after GC invocations=94 (full 0):
 def new generation   total 4928K, used 2K [0x05200000, 0x05750000, 0x0a750000)
  eden space 4416K,   0% used [0x05200000, 0x05200000, 0x05650000)
  from space 512K,   0% used [0x05650000, 0x05650b70, 0x056d0000)
  to   space 512K,   0% used [0x056d0000, 0x056d0000, 0x05750000)
 tenured generation   total 10944K, used 1363K [0x0a750000, 0x0b200000, 0x15200000)
   the space 10944K,  12% used [0x0a750000, 0x0a8a4f80, 0x0a8a5000, 0x0b200000)
 Metaspace       used 1294K, capacity 3214K, committed 3264K, reserved 4480K
}
Event: 180.995 GC heap before
{Heap before GC invocations=94 (full 0):
 def new generation   total 4928K, used 4418K [0x05200000, 0x05750000, 0x0a750000)
  eden space 4416K, 100% used [0x05200000, 0x05650000, 0x05650000)
  from space 512K,   0% used [0x05650000, 0x05650b70, 0x056d0000)
  to   space 512K,   0% used [0x056d0000, 0x056d0000, 0x05750000)
 tenured generation   total 10944K, used 1363K [0x0a750000, 0x0b200000, 0x15200000)
   the space 10944K,  12% used [0x0a750000, 0x0a8a4f80, 0x0a8a5000, 0x0b200000)
 Metaspace       used 1294K, capacity 3214K, committed 3264K, reserved 4480K
Event: 180.997 GC heap after
Heap after GC invocations=95 (full 0):
 def new generation   total 4928K, used 296K [0x05200000, 0x05750000, 0x0a750000)
  eden space 4416K,   0% used [0x05200000, 0x05200000, 0x05650000)
  from space 512K,  57% used [0x056d0000, 0x0571a380, 0x05750000)
  to   space 512K,   0% used [0x05650000, 0x05650000, 0x056d0000)
 tenured generation   total 10944K, used 1363K [0x0a750000, 0x0b200000, 0x15200000)
   the space 10944K,  12% used [0x0a750000, 0x0a8a4f80, 0x0a8a5000, 0x0b200000)
 Metaspace       used 1294K, capacity 3214K, committed 3264K, reserved 4480K
}
Event: 181.010 GC heap before
{Heap before GC invocations=95 (full 0):
 def new generation   total 4928K, used 4712K [0x05200000, 0x05750000, 0x0a750000)
  eden space 4416K, 100% used [0x05200000, 0x05650000, 0x05650000)
  from space 512K,  57% used [0x056d0000, 0x0571a380, 0x05750000)
  to   space 512K,   0% used [0x05650000, 0x05650000, 0x056d0000)
 tenured generation   total 10944K, used 1363K [0x0a750000, 0x0b200000, 0x15200000)
   the space 10944K,  12% used [0x0a750000, 0x0a8a4f80, 0x0a8a5000, 0x0b200000)
 Metaspace       used 1294K, capacity 3214K, committed 3264K, reserved 4480K
Event: 181.013 GC heap after
Heap after GC invocations=96 (full 0):
 def new generation   total 4928K, used 16K [0x05200000, 0x05750000, 0x0a750000)
  eden space 4416K,   0% used [0x05200000, 0x05200000, 0x05650000)
  from space 512K,   3% used [0x05650000, 0x05654040, 0x056d0000)
  to   space 512K,   0% used [0x056d0000, 0x056d0000, 0x05750000)
 tenured generation   total 10944K, used 1660K [0x0a750000, 0x0b200000, 0x15200000)
   the space 10944K,  15% used [0x0a750000, 0x0a8ef098, 0x0a8ef200, 0x0b200000)
 Metaspace       used 1294K, capacity 3214K, committed 3264K, reserved 4480K
}

Deoptimization events (0 events):
No events

Internal exceptions (6 events):
Event: 0.046 Thread 0x0173bc00 Exception <a 'java/lang/NoSuchMethodError': Method sun.misc.Unsafe.defineClass(Ljava/lang/String;[BII)Ljava/lang/Class; name or signature does not match> (0x052079c0) thrown at [C:\re\workspace\8-2-build-windows-i586-cygwin\jdk8u131\8869\hotspot\src\share
Event: 0.046 Thread 0x0173bc00 Exception <a 'java/lang/NoSuchMethodError': Method sun.misc.Unsafe.prefetchRead(Ljava/lang/Object;J)V name or signature does not match> (0x05207c90) thrown at [C:\re\workspace\8-2-build-windows-i586-cygwin\jdk8u131\8869\hotspot\src\share\vm\prims\jni.cpp,
Event: 0.221 Thread 0x0173bc00 Exception <a 'java/security/PrivilegedActionException'> (0x052b25d8) thrown at [C:\re\workspace\8-2-build-windows-i586-cygwin\jdk8u131\8869\hotspot\src\share\vm\prims\jvm.cpp, line 1390]
Event: 0.221 Thread 0x0173bc00 Exception <a 'java/security/PrivilegedActionException'> (0x052b29b8) thrown at [C:\re\workspace\8-2-build-windows-i586-cygwin\jdk8u131\8869\hotspot\src\share\vm\prims\jvm.cpp, line 1390]
Event: 0.225 Thread 0x0173bc00 Exception <a 'java/security/PrivilegedActionException'> (0x052b6c70) thrown at [C:\re\workspace\8-2-build-windows-i586-cygwin\jdk8u131\8869\hotspot\src\share\vm\prims\jvm.cpp, line 1390]
Event: 0.225 Thread 0x0173bc00 Exception <a 'java/security/PrivilegedActionException'> (0x052b7050) thrown at [C:\re\workspace\8-2-build-windows-i586-cygwin\jdk8u131\8869\hotspot\src\share\vm\prims\jvm.cpp, line 1390]

Events (10 events):
Event: 122.855 Executing VM operation: RevokeBias
Event: 122.855 Executing VM operation: RevokeBias done
Event: 180.995 Executing VM operation: GenCollectForAllocation
Event: 180.997 Executing VM operation: GenCollectForAllocation done
Event: 180.997 Executing VM operation: RevokeBias
Event: 180.997 Executing VM operation: RevokeBias done
Event: 180.997 Executing VM operation: RevokeBias
Event: 180.998 Executing VM operation: RevokeBias done
Event: 181.010 Executing VM operation: GenCollectForAllocation
Event: 181.013 Executing VM operation: GenCollectForAllocation done


Dynamic libraries:
0x00130000 - 0x00163000 	C:\Program Files (x86)\Java\jdk1.8.0_131\bin\java.exe
0x77490000 - 0x77613000 	C:\windows\SYSTEM32\ntdll.dll
0x75c50000 - 0x75d30000 	C:\windows\System32\KERNEL32.DLL
0x772e0000 - 0x77481000 	C:\windows\System32\KERNELBASE.dll
0x72b60000 - 0x72bf2000 	C:\windows\system32\apphelp.dll
0x77260000 - 0x772d7000 	C:\windows\System32\ADVAPI32.dll
0x76de0000 - 0x76e9e000 	C:\windows\System32\msvcrt.dll
0x764c0000 - 0x76501000 	C:\windows\System32\sechost.dll
0x76590000 - 0x76651000 	C:\windows\System32\RPCRT4.dll
0x73f50000 - 0x73f6e000 	C:\windows\System32\SspiCli.dll
0x73f40000 - 0x73f4a000 	C:\windows\System32\CRYPTBASE.dll
0x762b0000 - 0x7630a000 	C:\windows\System32\bcryptPrimitives.dll
0x76910000 - 0x76a6f000 	C:\windows\System32\USER32.dll
0x76c00000 - 0x76c15000 	C:\windows\System32\win32u.dll
0x76490000 - 0x764bb000 	C:\windows\System32\GDI32.dll
0x76750000 - 0x768aa000 	C:\windows\System32\gdi32full.dll
0x72080000 - 0x7228a000 	C:\windows\WinSxS\x86_microsoft.windows.common-controls_6595b64144ccf1df_6.0.14393.953_none_89c2555adb023171\COMCTL32.dll
0x77000000 - 0x77211000 	C:\windows\System32\combase.dll
0x73ff0000 - 0x740d0000 	C:\windows\System32\ucrtbase.dll
0x76560000 - 0x76585000 	C:\windows\System32\IMM32.DLL
0x624b0000 - 0x6256f000 	C:\Program Files (x86)\Java\jdk1.8.0_131\jre\bin\msvcr100.dll
0x620e0000 - 0x624ae000 	C:\Program Files (x86)\Java\jdk1.8.0_131\jre\bin\client\jvm.dll
0x76dd0000 - 0x76dd6000 	C:\windows\System32\PSAPI.DLL
0x719b0000 - 0x719b8000 	C:\windows\SYSTEM32\WSOCK32.dll
0x73970000 - 0x73978000 	C:\windows\SYSTEM32\VERSION.dll
0x70fe0000 - 0x71004000 	C:\windows\SYSTEM32\WINMM.dll
0x76d60000 - 0x76dc3000 	C:\windows\System32\WS2_32.dll
0x70ed0000 - 0x70ef3000 	C:\windows\SYSTEM32\WINMMBASE.dll
0x77220000 - 0x77256000 	C:\windows\System32\cfgmgr32.dll
0x620d0000 - 0x620dc000 	C:\Program Files (x86)\Java\jdk1.8.0_131\jre\bin\verify.dll
0x620a0000 - 0x620c1000 	C:\Program Files (x86)\Java\jdk1.8.0_131\jre\bin\java.dll
0x62080000 - 0x62093000 	C:\Program Files (x86)\Java\jdk1.8.0_131\jre\bin\zip.dll
0x741c0000 - 0x75598000 	C:\windows\System32\SHELL32.dll
0x75d30000 - 0x7629e000 	C:\windows\System32\windows.storage.dll
0x76ba0000 - 0x76be5000 	C:\windows\System32\powrprof.dll
0x75be0000 - 0x75c26000 	C:\windows\System32\shlwapi.dll
0x75bd0000 - 0x75bdd000 	C:\windows\System32\kernel.appcore.dll
0x76b10000 - 0x76b98000 	C:\windows\System32\shcore.dll
0x76bf0000 - 0x76bff000 	C:\windows\System32\profapi.dll
0x62060000 - 0x62076000 	C:\Program Files (x86)\Java\jdk1.8.0_131\jre\bin\net.dll
0x73560000 - 0x735ae000 	C:\windows\system32\mswsock.dll
0x62050000 - 0x6205f000 	C:\Program Files (x86)\Java\jdk1.8.0_131\jre\bin\nio.dll
0x61ad0000 - 0x61d56000 	C:\Users\Matias\Documents\GitHub\IABot\bwapi_bridge2_5.dll
0x6acc0000 - 0x6ad27000 	C:\windows\libgmp-10.dll
0x6f540000 - 0x6f59e000 	C:\windows\libmpfr-4.dll
0x717d0000 - 0x71841000 	C:\windows\SYSTEM32\MSVCP120.dll
0x71850000 - 0x7193e000 	C:\windows\SYSTEM32\MSVCR120.dll
0x68440000 - 0x68453000 	C:\Users\Matias\AppData\Local\Temp\JNativeHook-2.1.0.x86.dll
0x72fc0000 - 0x73035000 	C:\windows\system32\uxtheme.dll
0x73c90000 - 0x73dd5000 	C:\windows\SYSTEM32\dbghelp.dll

VM Arguments:
jvm_args: -Dfile.encoding=UTF-8 
java_command: main.Main
java_class_path (initial): C:\Users\Matias\Documents\GitHub\IABot\lib\bwmirror_v2_5.zip;C:\Libraries\jnativehook\jar\jnativehook-2.1.0.jar;C:\Users\Matias\Documents\GitHub\IABot\build\classes
Launcher Type: SUN_STANDARD

Environment Variables:
PATH=C:\ProgramData\Oracle\Java\javapath;C:\Windows\system32;C:\Windows;C:\Windows\System32\Wbem;C:\Windows\System32\WindowsPowerShell\v1.0\;C:\Program Files (x86)\NVIDIA Corporation\PhysX\Common;C:\Program Files (x86)\Windows Kits\8.1\Windows Performance Toolkit\;C:\Program Files\Microsoft SQL Server\110\Tools\Binn\;C:\Program Files (x86)\Microsoft SDKs\TypeScript\1.0\;C:\Program Files\Microsoft SQL Server\120\Tools\Binn\;C:\Users\Matias\AppData\Local\Microsoft\WindowsApps;
USERNAME=Matias
OS=Windows_NT
PROCESSOR_IDENTIFIER=Intel64 Family 6 Model 58 Stepping 9, GenuineIntel



---------------  S Y S T E M  ---------------

OS: Windows 10.0 , 64 bit Build 14393 (10.0.14393.1198)

CPU:total 4 (initial active 4) (2 cores per cpu, 2 threads per core) family 6 model 58 stepping 9, cmov, cx8, fxsr, mmx, sse, sse2, sse3, ssse3, sse4.1, sse4.2, popcnt, avx, aes, clmul, erms, ht, tsc, tscinvbit, tscinv

Memory: 4k page, physical 12434964k(7854912k free), swap 14335508k(9116540k free)

vm_info: Java HotSpot(TM) Client VM (25.131-b11) for windows-x86 JRE (1.8.0_131-b11), built on Mar 15 2017 01:26:29 by "java_re" with MS VC++ 10.0 (VS2010)

time: Mon Jun 26 20:43:44 2017
elapsed time: 181 seconds (0d 0h 3m 1s)

